<?xml version="1.0" encoding="UTF-8"?>
<!-- Generated by org.testng.reporters.JUnitReportReporter -->
<testsuite hostname="Soul" failures="0" tests="1" name="com.demoqa.tests.PracticeFormTests" time="6.519" errors="0" timestamp="2024-04-18T12:21:48 CEST" skipped="0">
  <testcase classname="com.demoqa.tests.PracticeFormTests" name="createStudentAccountTest" time="6.519"/>
</testsuite> <!-- com.demoqa.tests.PracticeFormTests -->
